[02:10:21.538141057] P1: SENT TOKEN
[02:10:24.499073570] P1: REQUESTED CS
[02:10:29.502580066] P1: REQUESTED CS
[02:11:28.936012056] P1: SENT TOKEN
[02:11:29.688056111] P1: KILLED
[02:11:39.639130126] P1: RESUMED
[02:11:41.912842339] P1: REQUESTED CS
[02:11:43.254712234] P1: KILLED
[02:12:47.732563907] P1: REQUESTED CS
[02:12:47.738445031] P1: ENTERED CS
[02:12:49.719250844] P1: EXITED CS
[02:12:49.722384082] P1: SENT TOKEN
[02:12:53.719486801] P1: REQUESTED CS
[02:12:57.723569244] P1: REQUESTED CS
[02:13:00.725432988] P1: REQUESTED CS
[02:15:14.109931784] P1: RECEIVED TOKEN
[02:15:17.104054074] P1: REQUESTED CS
[02:15:20.104082535] P1: ENTERED CS
[02:15:25.103652532] P1: EXITED CS
[02:15:43.106540751] P1: SENT TOKEN
[02:15:58.935947747] P1: RECEIVED TOKEN
[02:16:01.951470652] P1: SENT TOKEN
[02:16:04.927850441] P1: REQUESTED CS
[02:16:14.887493046] P1: RECEIVED TOKEN
[02:16:17.911461853] P1: SENT TOKEN
[02:16:20.883108601] P1: REQUESTED CS
[02:16:57.330671895] P1: SENT TOKEN
[02:17:01.308699258] P1: REQUESTED CS
[02:17:03.311717578] P1: REQUESTED CS
[02:17:05.317004146] P1: REQUESTED CS
[02:17:08.341873552] P1: REQUESTED CS
[02:17:11.342877369] P1: REQUESTED CS
[02:17:13.343955215] P1: REQUESTED CS
[02:17:17.346971237] P1: REQUESTED CS
[02:17:19.347911492] P1: REQUESTED CS
[02:17:21.348683925] P1: REQUESTED CS
[02:17:23.350658440] P1: REQUESTED CS
[02:17:25.351813103] P1: REQUESTED CS
[02:17:27.353351301] P1: REQUESTED CS
[02:17:31.354741373] P1: REQUESTED CS
[02:17:33.356597734] P1: REQUESTED CS
[02:17:38.358093934] P1: REQUESTED CS
[02:17:39.359231565] P1: REQUESTED CS
[02:17:42.360499934] P1: REQUESTED CS
[02:17:47.361690175] P1: REQUESTED CS
[02:17:48.368618570] P1: REQUESTED CS
[02:17:52.369762125] P1: REQUESTED CS
[02:17:54.370911663] P1: REQUESTED CS
[02:17:58.371800634] P1: REQUESTED CS
[02:18:03.372672515] P1: REQUESTED CS
[02:18:11.850245023] P1: SENT TOKEN
[02:18:13.813464624] P1: REQUESTED CS
[02:18:16.817579263] P1: REQUESTED CS
[02:18:21.819127081] P1: REQUESTED CS
[02:18:24.820632719] P1: REQUESTED CS
[02:18:27.822119655] P1: REQUESTED CS
[02:18:30.823722039] P1: REQUESTED CS
[02:18:33.824549817] P1: REQUESTED CS
[02:18:34.854288445] P1: RECEIVED TOKEN
[02:18:35.825582859] P1: REQUESTED CS
[02:18:35.825751930] P1: ENTERED CS
[02:18:37.825865846] P1: EXITED CS
[02:18:37.826524966] P1: SENT TOKEN
[02:18:41.826497421] P1: REQUESTED CS
[02:18:42.827550436] P1: REQUESTED CS
[02:18:43.828488604] P1: REQUESTED CS
[02:18:44.829807613] P1: REQUESTED CS
[02:18:49.840313722] P1: REQUESTED CS
[02:18:51.832356369] P1: REQUESTED CS
[02:18:53.845329609] P1: RECEIVED TOKEN
[02:18:56.833463818] P1: REQUESTED CS
[02:18:56.833619300] P1: ENTERED CS
[02:18:58.833720022] P1: EXITED CS
[02:18:58.834500375] P1: SENT TOKEN
[02:19:02.834236696] P1: REQUESTED CS
[02:19:07.840627838] P1: REQUESTED CS
[02:19:09.867522899] P1: RECEIVED TOKEN
[02:19:11.842197496] P1: REQUESTED CS
[02:19:11.842273416] P1: ENTERED CS
[02:19:13.842443192] P1: EXITED CS
[02:19:13.842982881] P1: SENT TOKEN
[02:19:17.842956814] P1: REQUESTED CS
[02:19:18.844197686] P1: REQUESTED CS
[02:19:23.845164211] P1: REQUESTED CS
[02:19:24.846149066] P1: REQUESTED CS
[02:19:25.846847417] P1: REQUESTED CS
[02:19:26.845721977] P1: RECEIVED TOKEN
[02:19:26.847340968] P1: REQUESTED CS
[02:19:26.847386953] P1: ENTERED CS
[02:19:27.847876793] P1: EXITED CS
[02:19:27.848275581] P1: SENT TOKEN
[02:19:29.848229235] P1: REQUESTED CS
[02:19:33.850049883] P1: RECEIVED TOKEN
