[02:10:25.500748531] P10: REQUESTED CS
[02:10:26.503533144] P10: REQUESTED CS
[02:10:29.510057316] P10: REQUESTED CS
[02:11:29.914297086] P10: REQUESTED CS
[02:11:33.917436546] P10: REQUESTED CS
[02:11:35.920506355] P10: REQUESTED CS
[02:11:39.924470964] P10: REQUESTED CS
[02:11:43.924438200] P10: REQUESTED CS
[02:11:48.926249299] P10: REQUESTED CS
[02:11:52.927329816] P10: REQUESTED CS
[02:12:48.719454716] P10: REQUESTED CS
[02:12:52.720451702] P10: REQUESTED CS
[02:12:57.723390036] P10: REQUESTED CS
[02:15:17.105774299] P10: REQUESTED CS
[02:16:02.930639614] P10: REQUESTED CS
[02:16:20.885434839] P10: REQUESTED CS
[02:17:00.310387741] P10: REQUESTED CS
[02:17:01.313119930] P10: REQUESTED CS
[02:17:04.315016801] P10: REQUESTED CS
[02:17:06.317641065] P10: REQUESTED CS
[02:17:09.319166093] P10: REQUESTED CS
[02:17:13.320237782] P10: REQUESTED CS
[02:17:18.321440024] P10: REQUESTED CS
[02:17:22.323169428] P10: REQUESTED CS
[02:17:25.324406825] P10: REQUESTED CS
[02:17:30.325087058] P10: REQUESTED CS
[02:17:35.325929977] P10: REQUESTED CS
[02:17:38.327154341] P10: REQUESTED CS
[02:17:40.327818123] P10: REQUESTED CS
[02:17:44.328574656] P10: REQUESTED CS
[02:17:47.329362537] P10: REQUESTED CS
[02:17:47.350245994] P10: RECEIVED TOKEN
[02:17:49.330223700] P10: REQUESTED CS
[02:17:49.330358560] P10: ENTERED CS
[02:17:51.330533177] P10: EXITED CS
[02:17:51.331337845] P10: SENT TOKEN
[02:17:55.331303106] P10: REQUESTED CS
[02:17:58.332214046] P10: REQUESTED CS
[02:18:03.332849504] P10: REQUESTED CS
[02:18:04.333926299] P10: REQUESTED CS
[02:18:14.815861819] P10: REQUESTED CS
[02:18:16.818922094] P10: REQUESTED CS
[02:18:21.820648799] P10: REQUESTED CS
[02:18:26.822819007] P10: REQUESTED CS
[02:18:27.824867771] P10: REQUESTED CS
[02:18:32.826702010] P10: REQUESTED CS
[02:18:34.827968481] P10: REQUESTED CS
[02:18:35.828858528] P10: REQUESTED CS
[02:18:40.830193761] P10: REQUESTED CS
[02:18:44.831482230] P10: REQUESTED CS
[02:18:46.832809081] P10: REQUESTED CS
[02:18:49.840352148] P10: REQUESTED CS
[02:18:53.835284351] P10: REQUESTED CS
[02:18:57.836495596] P10: REQUESTED CS
[02:19:01.838000646] P10: REQUESTED CS
[02:19:05.839465025] P10: REQUESTED CS
[02:19:09.840639789] P10: REQUESTED CS
[02:19:11.841610359] P10: REQUESTED CS
[02:19:14.842693789] P10: REQUESTED CS
[02:19:15.844050557] P10: REQUESTED CS
[02:19:19.845159701] P10: REQUESTED CS
[02:19:21.846255850] P10: REQUESTED CS
[02:19:23.847285511] P10: REQUESTED CS
[02:19:24.848171649] P10: REQUESTED CS
[02:19:25.849427274] P10: REQUESTED CS
[02:19:27.850616170] P10: REQUESTED CS
[02:19:32.851615051] P10: REQUESTED CS
