[02:10:24.498531960] P2: REQUESTED CS
[02:10:27.502417302] P2: REQUESTED CS
[02:10:29.510161132] P2: REQUESTED CS
[02:11:31.912029763] P2: REQUESTED CS
[02:11:34.916441856] P2: REQUESTED CS
[02:11:35.918424655] P2: REQUESTED CS
[02:11:39.919873052] P2: REQUESTED CS
[02:11:44.921155525] P2: REQUESTED CS
[02:11:46.923407899] P2: REQUESTED CS
[02:11:47.925105878] P2: REQUESTED CS
[02:11:49.926980079] P2: REQUESTED CS
[02:11:50.929807323] P2: REQUESTED CS
[02:11:53.931135289] P2: REQUESTED CS
[02:12:47.738013223] P2: REQUESTED CS
[02:12:49.751410347] P2: REQUESTED CS
[02:12:51.752597819] P2: RECEIVED TOKEN
[02:12:51.755646392] P2: REQUESTED CS
[02:12:51.755841267] P2: ENTERED CS
[02:12:53.755218964] P2: EXITED CS
[02:12:53.756680435] P2: SENT TOKEN
[02:12:58.757066186] P2: REQUESTED CS
[02:13:00.757476296] P2: REQUESTED CS
[02:15:20.101678963] P2: REQUESTED CS
[02:16:03.928118832] P2: REQUESTED CS
[02:16:17.886981423] P2: REQUESTED CS
[02:16:17.915934035] P2: RECEIVED TOKEN
[02:16:17.916301551] P2: ENTERED CS
[02:16:20.913044072] P2: EXITED CS
[02:16:20.913269798] P2: SENT TOKEN
[02:16:22.909610612] P2: REQUESTED CS
[02:16:22.915557868] P2: RECEIVED TOKEN
[02:16:22.915678966] P2: ENTERED CS
[02:16:58.308886603] P2: REQUESTED CS
[02:17:00.313931998] P2: REQUESTED CS
[02:17:00.333628304] P2: RECEIVED TOKEN
[02:17:03.315716540] P2: REQUESTED CS
[02:17:03.315860923] P2: ENTERED CS
[02:17:05.333096198] P2: EXITED CS
[02:17:05.353157394] P2: SENT TOKEN
[02:17:06.322607315] P2: REQUESTED CS
[02:17:09.323403146] P2: REQUESTED CS
[02:17:12.324316754] P2: REQUESTED CS
[02:17:14.325736820] P2: REQUESTED CS
[02:17:17.327662289] P2: REQUESTED CS
[02:17:20.328845792] P2: REQUESTED CS
[02:17:23.330308115] P2: REQUESTED CS
[02:17:28.331563192] P2: REQUESTED CS
[02:17:29.332844171] P2: REQUESTED CS
[02:17:33.334164897] P2: REQUESTED CS
[02:17:34.335324293] P2: REQUESTED CS
[02:17:39.335853754] P2: REQUESTED CS
[02:17:40.336385874] P2: REQUESTED CS
[02:17:44.337368389] P2: REQUESTED CS
[02:17:49.338685636] P2: REQUESTED CS
[02:17:50.339974452] P2: REQUESTED CS
[02:17:55.341382445] P2: REQUESTED CS
[02:17:56.342013375] P2: REQUESTED CS
[02:17:58.354591423] P2: RECEIVED TOKEN
[02:17:59.342782735] P2: REQUESTED CS
[02:17:59.342907795] P2: ENTERED CS
[02:18:00.343168012] P2: EXITED CS
[02:18:00.343692449] P2: SENT TOKEN
[02:18:01.344489410] P2: REQUESTED CS
[02:18:03.342201623] P2: RECEIVED TOKEN
[02:18:04.345299956] P2: REQUESTED CS
[02:18:04.345380934] P2: ENTERED CS
[02:18:06.345049900] P2: EXITED CS
[02:18:06.345701406] P2: SENT TOKEN
[02:18:11.823284868] P2: REQUESTED CS
[02:18:11.850083492] P2: RECEIVED TOKEN
[02:18:12.844985905] P2: REQUESTED CS
[02:18:12.845494904] P2: ENTERED CS
[02:18:14.845812310] P2: EXITED CS
[02:18:14.848441634] P2: SENT TOKEN
[02:18:18.846618803] P2: REQUESTED CS
[02:18:19.819945412] P2: RECEIVED TOKEN
[02:18:20.848016932] P2: REQUESTED CS
[02:18:20.848250374] P2: ENTERED CS
[02:18:21.848429665] P2: EXITED CS
[02:18:21.849375762] P2: SENT TOKEN
[02:18:23.825231552] P2: RECEIVED TOKEN
[02:18:23.828340751] P2: SENT TOKEN
[02:18:23.849068445] P2: REQUESTED CS
[02:18:26.828268579] P2: RECEIVED TOKEN
[02:18:28.851499888] P2: REQUESTED CS
[02:18:28.851707944] P2: ENTERED CS
[02:18:29.851927441] P2: EXITED CS
[02:18:29.853006552] P2: SENT TOKEN
[02:18:32.833225375] P2: RECEIVED TOKEN
[02:18:32.852634578] P2: REQUESTED CS
[02:18:32.852845369] P2: ENTERED CS
[02:18:34.852982965] P2: EXITED CS
[02:18:34.854152844] P2: SENT TOKEN
[02:18:37.853937757] P2: REQUESTED CS
[02:18:39.855066034] P2: REQUESTED CS
[02:18:42.856547683] P2: REQUESTED CS
[02:18:47.858262024] P2: REQUESTED CS
[02:18:50.859473233] P2: REQUESTED CS
[02:18:54.860896699] P2: REQUESTED CS
[02:18:58.862174257] P2: REQUESTED CS
[02:19:02.863328831] P2: REQUESTED CS
[02:19:07.864751665] P2: REQUESTED CS
[02:19:09.865977504] P2: REQUESTED CS
[02:19:14.867595154] P2: REQUESTED CS
[02:19:17.869083333] P2: REQUESTED CS
[02:19:22.869907243] P2: REQUESTED CS
[02:19:25.871054859] P2: REQUESTED CS
[02:19:26.871693498] P2: REQUESTED CS
[02:19:29.872521654] P2: REQUESTED CS
[02:19:33.873047869] P2: REQUESTED CS
