[02:10:21.512026732] P3: REQUESTED CS
[02:10:21.542326774] P3: RECEIVED TOKEN
[02:10:22.541287261] P3: REQUESTED CS
[02:10:22.542047496] P3: ENTERED CS
[02:10:24.542654469] P3: EXITED CS
[02:10:24.544243970] P3: SENT TOKEN
[02:10:25.543873047] P3: REQUESTED CS
[02:10:27.507847998] P3: RECEIVED TOKEN
[02:10:30.546818964] P3: REQUESTED CS
[02:10:30.547012277] P3: ENTERED CS
[02:10:31.547258998] P3: EXITED CS
[02:10:31.548993636] P3: SENT TOKEN
[02:10:32.548317482] P3: REQUESTED CS
[02:11:28.922583316] P3: REQUESTED CS
[02:11:29.937357646] P3: REQUESTED CS
[02:11:32.943053777] P3: RECEIVED TOKEN
[02:11:34.940735035] P3: REQUESTED CS
[02:11:34.940896253] P3: ENTERED CS
[02:11:35.941022949] P3: EXITED CS
[02:11:35.942878561] P3: SENT TOKEN
[02:11:38.945370793] P3: RECEIVED TOKEN
[02:11:39.918383031] P3: SENT TOKEN
[02:11:40.941876387] P3: REQUESTED CS
[02:11:41.943197654] P3: REQUESTED CS
[02:11:45.944449961] P3: REQUESTED CS
[02:11:48.946127750] P3: REQUESTED CS
[02:11:51.948616153] P3: REQUESTED CS
[02:11:52.929328649] P3: RECEIVED TOKEN
[02:12:49.716397787] P3: REQUESTED CS
[02:12:52.718440078] P3: REQUESTED CS
[02:12:56.720392865] P3: REQUESTED CS
[02:13:00.722760142] P3: REQUESTED CS
[02:15:20.102742882] P3: REQUESTED CS
[02:16:05.928098075] P3: REQUESTED CS
[02:16:17.887161297] P3: REQUESTED CS
[02:16:20.911126111] P3: REQUESTED CS
[02:16:59.308882289] P3: REQUESTED CS
[02:17:02.312695598] P3: REQUESTED CS
[02:17:06.315390569] P3: REQUESTED CS
[02:17:11.318342024] P3: REQUESTED CS
[02:17:16.320178050] P3: REQUESTED CS
[02:17:21.324717234] P3: REQUESTED CS
[02:17:22.343892812] P3: RECEIVED TOKEN
[02:17:26.326334157] P3: REQUESTED CS
[02:17:26.326558612] P3: ENTERED CS
[02:17:28.326893172] P3: EXITED CS
[02:17:28.327494178] P3: SENT TOKEN
[02:17:31.327599897] P3: REQUESTED CS
[02:17:33.328881357] P3: REQUESTED CS
[02:17:34.330769713] P3: REQUESTED CS
[02:17:37.332389195] P3: REQUESTED CS
[02:17:41.334056856] P3: REQUESTED CS
[02:17:45.335045176] P3: REQUESTED CS
[02:17:48.336064768] P3: REQUESTED CS
[02:17:51.336788299] P3: REQUESTED CS
[02:17:54.337553648] P3: REQUESTED CS
[02:17:56.338481230] P3: REQUESTED CS
[02:17:59.339364155] P3: REQUESTED CS
[02:18:01.340421989] P3: REQUESTED CS
[02:18:02.342543408] P3: REQUESTED CS
[02:18:04.344473200] P3: REQUESTED CS
[02:18:12.813459396] P3: REQUESTED CS
[02:18:14.848635275] P3: RECEIVED TOKEN
[02:18:17.818124129] P3: REQUESTED CS
[02:18:17.818339458] P3: ENTERED CS
[02:18:19.818682277] P3: EXITED CS
[02:18:19.819789979] P3: SENT TOKEN
[02:18:20.819474593] P3: REQUESTED CS
[02:18:21.820822382] P3: REQUESTED CS
[02:18:23.822122405] P3: REQUESTED CS
[02:18:27.823680267] P3: REQUESTED CS
[02:18:28.825030882] P3: REQUESTED CS
[02:18:31.825661011] P3: REQUESTED CS
[02:18:32.826238551] P3: REQUESTED CS
[02:18:34.827207390] P3: REQUESTED CS
[02:18:37.827273709] P3: RECEIVED TOKEN
[02:18:37.828381968] P3: REQUESTED CS
[02:18:37.828489693] P3: ENTERED CS
[02:18:38.827962677] P3: EXITED CS
[02:18:38.828397933] P3: SENT TOKEN
[02:18:39.828364220] P3: REQUESTED CS
[02:18:40.831146824] P3: RECEIVED TOKEN
[02:18:41.829685056] P3: REQUESTED CS
[02:18:41.829774192] P3: ENTERED CS
[02:18:43.829729908] P3: EXITED CS
[02:18:43.830153696] P3: SENT TOKEN
[02:18:47.830336018] P3: REQUESTED CS
[02:18:47.831477655] P3: RECEIVED TOKEN
[02:18:49.831227781] P3: REQUESTED CS
[02:18:49.840252145] P3: ENTERED CS
[02:18:50.831668875] P3: EXITED CS
[02:18:50.832066900] P3: SENT TOKEN
[02:18:53.840837104] P3: RECEIVED TOKEN
[02:18:53.845209831] P3: SENT TOKEN
[02:18:55.832258116] P3: REQUESTED CS
[02:19:00.833109604] P3: REQUESTED CS
[02:19:03.833932480] P3: REQUESTED CS
[02:19:07.834872493] P3: REQUESTED CS
[02:19:08.835750578] P3: REQUESTED CS
[02:19:11.836566415] P3: REQUESTED CS
[02:19:12.837444238] P3: REQUESTED CS
[02:19:14.838095404] P3: REQUESTED CS
[02:19:15.839048884] P3: REQUESTED CS
[02:19:16.839913631] P3: REQUESTED CS
[02:19:20.840649763] P3: REQUESTED CS
[02:19:22.841596202] P3: REQUESTED CS
[02:19:23.842472977] P3: REQUESTED CS
[02:19:25.843202473] P3: REQUESTED CS
[02:19:28.844122517] P3: REQUESTED CS
[02:19:33.844759206] P3: REQUESTED CS
