[02:10:24.499278958] P4: REQUESTED CS
[02:10:28.502603513] P4: REQUESTED CS
[02:10:29.509871601] P4: REQUESTED CS
[02:11:28.924902469] P4: REQUESTED CS
[02:11:29.938552075] P4: REQUESTED CS
[02:11:31.940085175] P4: REQUESTED CS
[02:11:34.942122353] P4: REQUESTED CS
[02:11:35.943024940] P4: RECEIVED TOKEN
[02:11:37.943643394] P4: REQUESTED CS
[02:11:37.943846995] P4: ENTERED CS
[02:11:38.943971529] P4: EXITED CS
[02:11:38.944776865] P4: SENT TOKEN
[02:11:41.945113162] P4: REQUESTED CS
[02:11:41.946523421] P4: RECEIVED TOKEN
[02:11:45.945526505] P4: REQUESTED CS
[02:11:45.945625866] P4: ENTERED CS
[02:11:46.945809161] P4: EXITED CS
[02:11:46.946430440] P4: SENT TOKEN
[02:11:51.946499825] P4: REQUESTED CS
[02:12:50.717293609] P4: REQUESTED CS
[02:12:55.720155445] P4: REQUESTED CS
[02:13:00.728267169] P4: REQUESTED CS
[02:15:17.102373466] P4: REQUESTED CS
[02:16:03.929237548] P4: REQUESTED CS
[02:16:19.884144178] P4: REQUESTED CS
[02:16:58.310939545] P4: REQUESTED CS
[02:17:03.313725978] P4: REQUESTED CS
[02:17:04.316220822] P4: REQUESTED CS
[02:17:06.318626997] P4: REQUESTED CS
[02:17:09.320510807] P4: REQUESTED CS
[02:17:14.322507682] P4: REQUESTED CS
[02:17:15.324376371] P4: REQUESTED CS
[02:17:15.340444742] P4: RECEIVED TOKEN
[02:17:20.326021473] P4: REQUESTED CS
[02:17:20.326196156] P4: ENTERED CS
[02:17:21.326850536] P4: EXITED CS
[02:17:21.327036585] P4: SENT TOKEN
[02:17:26.326643501] P4: REQUESTED CS
[02:17:30.327955671] P4: REQUESTED CS
[02:17:33.329041333] P4: REQUESTED CS
[02:17:35.330336973] P4: REQUESTED CS
[02:17:36.331845802] P4: REQUESTED CS
[02:17:37.333599820] P4: REQUESTED CS
[02:17:42.334625801] P4: REQUESTED CS
[02:17:43.335465868] P4: REQUESTED CS
[02:17:47.336405186] P4: REQUESTED CS
[02:17:48.337275926] P4: REQUESTED CS
[02:17:53.338972355] P4: REQUESTED CS
[02:17:58.340425221] P4: REQUESTED CS
[02:18:00.343881042] P4: RECEIVED TOKEN
[02:18:01.342528963] P4: REQUESTED CS
[02:18:01.342622824] P4: ENTERED CS
[02:18:03.341528263] P4: EXITED CS
[02:18:03.342153076] P4: SENT TOKEN
[02:18:13.815485875] P4: REQUESTED CS
[02:18:18.818090129] P4: REQUESTED CS
[02:18:22.820587123] P4: REQUESTED CS
[02:18:24.822174164] P4: REQUESTED CS
[02:18:29.823110938] P4: REQUESTED CS
[02:18:31.824322457] P4: REQUESTED CS
[02:18:34.825221512] P4: REQUESTED CS
[02:18:36.825986924] P4: REQUESTED CS
[02:18:38.826903542] P4: REQUESTED CS
[02:18:40.827812475] P4: REQUESTED CS
[02:18:43.828617793] P4: REQUESTED CS
[02:18:48.829758459] P4: REQUESTED CS
[02:18:51.830616095] P4: REQUESTED CS
[02:18:54.831649473] P4: REQUESTED CS
[02:18:56.832469754] P4: REQUESTED CS
[02:18:57.833649849] P4: REQUESTED CS
[02:18:59.835326647] P4: REQUESTED CS
[02:19:04.837067349] P4: REQUESTED CS
[02:19:09.837761119] P4: REQUESTED CS
[02:19:11.838497279] P4: REQUESTED CS
[02:19:15.839776603] P4: REQUESTED CS
[02:19:19.840886247] P4: REQUESTED CS
[02:19:20.842451440] P4: REQUESTED CS
[02:19:24.843229830] P4: REQUESTED CS
[02:19:29.843807653] P4: REQUESTED CS
