[02:10:25.498751525] P5: REQUESTED CS
[02:10:27.502284854] P5: REQUESTED CS
[02:10:31.505014888] P5: REQUESTED CS
[02:11:31.913825589] P5: REQUESTED CS
[02:11:35.915204981] P5: REQUESTED CS
[02:11:39.916923583] P5: REQUESTED CS
[02:11:40.918505872] P5: REQUESTED CS
[02:11:44.919659583] P5: REQUESTED CS
[02:11:49.921828024] P5: REQUESTED CS
[02:11:50.923374898] P5: REQUESTED CS
[02:11:52.924940411] P5: REQUESTED CS
[02:12:50.717062809] P5: REQUESTED CS
[02:12:53.722034288] P5: REQUESTED CS
[02:12:56.723003335] P5: REQUESTED CS
[02:15:21.102160694] P5: REQUESTED CS
[02:16:01.931017969] P5: REQUESTED CS
[02:16:01.956625143] P5: RECEIVED TOKEN
[02:16:01.956938912] P5: ENTERED CS
[02:16:05.953019178] P5: EXITED CS
[02:16:05.955435775] P5: SENT TOKEN
[02:16:17.887315930] P5: REQUESTED CS
[02:16:20.913389998] P5: RECEIVED TOKEN
[02:16:20.913495812] P5: ENTERED CS
[02:16:22.913394990] P5: EXITED CS
[02:16:22.915202721] P5: SENT TOKEN
[02:16:22.915424898] P5: REQUESTED CS
[02:16:58.312415074] P5: REQUESTED CS
[02:17:01.314358783] P5: REQUESTED CS
[02:17:04.317134240] P5: REQUESTED CS
[02:17:07.319355726] P5: REQUESTED CS
[02:17:07.338503599] P5: RECEIVED TOKEN
[02:17:12.321803133] P5: REQUESTED CS
[02:17:12.322021819] P5: ENTERED CS
[02:17:13.322019013] P5: EXITED CS
[02:17:13.322980748] P5: SENT TOKEN
[02:17:17.322746129] P5: REQUESTED CS
[02:17:21.324502742] P5: REQUESTED CS
[02:17:25.326634776] P5: REQUESTED CS
[02:17:28.328415508] P5: REQUESTED CS
[02:17:29.329018344] P5: REQUESTED CS
[02:17:33.330893265] P5: REQUESTED CS
[02:17:36.332087200] P5: REQUESTED CS
[02:17:39.333636308] P5: REQUESTED CS
[02:17:40.334647040] P5: REQUESTED CS
[02:17:44.336200710] P5: REQUESTED CS
[02:17:48.337469206] P5: REQUESTED CS
[02:17:49.338181303] P5: REQUESTED CS
[02:17:52.339210315] P5: REQUESTED CS
[02:17:56.339948946] P5: REQUESTED CS
[02:18:01.340688502] P5: REQUESTED CS
[02:18:02.342446508] P5: REQUESTED CS
[02:18:06.345750742] P5: RECEIVED TOKEN
[02:18:12.815255483] P5: REQUESTED CS
[02:18:14.819105774] P5: REQUESTED CS
[02:18:17.821610394] P5: REQUESTED CS
[02:18:19.823564647] P5: REQUESTED CS
[02:18:21.850095560] P5: RECEIVED TOKEN
[02:18:22.824113152] P5: REQUESTED CS
[02:18:22.824224256] P5: ENTERED CS
[02:18:23.824314667] P5: EXITED CS
[02:18:23.824732821] P5: SENT TOKEN
[02:18:28.824860447] P5: REQUESTED CS
[02:18:32.826419672] P5: REQUESTED CS
[02:18:36.827640931] P5: REQUESTED CS
[02:18:37.829313393] P5: REQUESTED CS
[02:18:38.828910756] P5: RECEIVED TOKEN
[02:18:38.830066291] P5: REQUESTED CS
[02:18:38.830135231] P5: ENTERED CS
[02:18:40.830372092] P5: EXITED CS
[02:18:40.830552529] P5: SENT TOKEN
[02:18:42.830940946] P5: REQUESTED CS
[02:18:45.832076696] P5: REQUESTED CS
[02:18:46.833811495] P5: REQUESTED CS
[02:18:50.834522708] P5: REQUESTED CS
[02:18:55.835983155] P5: REQUESTED CS
[02:18:58.835207784] P5: RECEIVED TOKEN
[02:19:00.837391945] P5: REQUESTED CS
[02:19:00.837478114] P5: ENTERED CS
[02:19:02.840407901] P5: EXITED CS
[02:19:02.840657446] P5: SENT TOKEN
[02:19:04.840381395] P5: REQUESTED CS
[02:19:06.840077005] P5: RECEIVED TOKEN
[02:19:07.841087308] P5: REQUESTED CS
[02:19:07.841167045] P5: ENTERED CS
[02:19:08.841251991] P5: EXITED CS
[02:19:08.841608370] P5: SENT TOKEN
[02:19:09.843422417] P5: RECEIVED TOKEN
[02:19:09.867183740] P5: SENT TOKEN
[02:19:12.841645504] P5: REQUESTED CS
[02:19:16.842577238] P5: REQUESTED CS
[02:19:21.843262273] P5: REQUESTED CS
[02:19:25.843828659] P5: REQUESTED CS
[02:19:29.844648766] P5: REQUESTED CS
[02:19:31.845045421] P5: REQUESTED CS
