[02:10:25.500358136] P6: REQUESTED CS
[02:10:30.502747723] P6: REQUESTED CS
[02:10:31.504334508] P6: REQUESTED CS
[02:11:29.912960241] P6: REQUESTED CS
[02:11:34.917181717] P6: REQUESTED CS
[02:11:38.919977642] P6: REQUESTED CS
[02:11:40.922049439] P6: REQUESTED CS
[02:11:42.923409100] P6: REQUESTED CS
[02:11:46.924570824] P6: REQUESTED CS
[02:11:48.926091911] P6: REQUESTED CS
[02:11:50.950237780] P6: RECEIVED TOKEN
[02:11:51.927875666] P6: REQUESTED CS
[02:11:51.928020150] P6: ENTERED CS
[02:11:52.928991023] P6: EXITED CS
[02:11:52.929228977] P6: SENT TOKEN
[02:12:50.719537667] P6: REQUESTED CS
[02:12:54.720011175] P6: REQUESTED CS
[02:12:57.721520923] P6: REQUESTED CS
[02:12:58.723039748] P6: REQUESTED CS
[02:13:00.724344871] P6: REQUESTED CS
[02:15:19.102867331] P6: REQUESTED CS
[02:16:04.929343466] P6: REQUESTED CS
[02:16:19.884365556] P6: REQUESTED CS
[02:16:57.317604168] P6: REQUESTED CS
[02:16:57.330988336] P6: RECEIVED TOKEN
[02:16:58.330561905] P6: REQUESTED CS
[02:16:58.330920487] P6: ENTERED CS
[02:17:00.331336856] P6: EXITED CS
[02:17:00.333450965] P6: SENT TOKEN
[02:17:02.332629504] P6: REQUESTED CS
[02:17:05.353520353] P6: RECEIVED TOKEN
[02:17:06.334967565] P6: REQUESTED CS
[02:17:06.335210602] P6: ENTERED CS
[02:17:07.335272037] P6: EXITED CS
[02:17:07.336570637] P6: SENT TOKEN
[02:17:08.336078935] P6: REQUESTED CS
[02:17:13.323691836] P6: RECEIVED TOKEN
[02:17:13.338256652] P6: REQUESTED CS
[02:17:13.338482491] P6: ENTERED CS
[02:17:15.338555938] P6: EXITED CS
[02:17:15.340243085] P6: SENT TOKEN
[02:17:19.340024522] P6: REQUESTED CS
[02:17:20.341497284] P6: REQUESTED CS
[02:17:21.327154298] P6: RECEIVED TOKEN
[02:17:21.342392759] P6: REQUESTED CS
[02:17:21.342717340] P6: ENTERED CS
[02:17:22.342582302] P6: EXITED CS
[02:17:22.343787210] P6: SENT TOKEN
[02:17:26.343335203] P6: REQUESTED CS
[02:17:28.328030959] P6: RECEIVED TOKEN
[02:17:31.344748546] P6: REQUESTED CS
[02:17:31.344921054] P6: ENTERED CS
[02:17:32.345098677] P6: EXITED CS
[02:17:32.345667323] P6: SENT TOKEN
[02:17:34.345668144] P6: REQUESTED CS
[02:17:34.357230188] P6: RECEIVED TOKEN
[02:17:39.346796774] P6: REQUESTED CS
[02:17:39.346930387] P6: ENTERED CS
[02:17:40.347078740] P6: EXITED CS
[02:17:40.347511800] P6: SENT TOKEN
[02:17:41.347457301] P6: REQUESTED CS
[02:17:43.338329914] P6: RECEIVED TOKEN
[02:17:45.348482530] P6: REQUESTED CS
[02:17:45.348709901] P6: ENTERED CS
[02:17:47.348702131] P6: EXITED CS
[02:17:47.350051034] P6: SENT TOKEN
[02:17:51.331863586] P6: RECEIVED TOKEN
[02:17:51.337815698] P6: SENT TOKEN
[02:17:52.349342184] P6: REQUESTED CS
[02:17:55.354515845] P6: RECEIVED TOKEN
[02:17:56.353011305] P6: REQUESTED CS
[02:17:56.353154685] P6: ENTERED CS
[02:17:58.353285487] P6: EXITED CS
[02:17:58.354160590] P6: SENT TOKEN
[02:18:02.353577588] P6: REQUESTED CS
[02:18:06.354398366] P6: REQUESTED CS
[02:18:13.815781480] P6: REQUESTED CS
[02:18:17.818422296] P6: REQUESTED CS
[02:18:19.821525525] P6: REQUESTED CS
[02:18:23.822278754] P6: REQUESTED CS
[02:18:25.824072273] P6: REQUESTED CS
[02:18:30.826032211] P6: REQUESTED CS
[02:18:31.826732046] P6: REQUESTED CS
[02:18:35.827317491] P6: REQUESTED CS
[02:18:39.828172669] P6: REQUESTED CS
[02:18:41.829846644] P6: REQUESTED CS
[02:18:42.831010520] P6: REQUESTED CS
[02:18:45.832009434] P6: REQUESTED CS
[02:18:47.833380734] P6: REQUESTED CS
[02:18:51.834291841] P6: REQUESTED CS
[02:18:56.835616368] P6: REQUESTED CS
[02:18:57.837386417] P6: REQUESTED CS
[02:19:01.838125702] P6: REQUESTED CS
[02:19:04.839184392] P6: REQUESTED CS
[02:19:06.840932271] P6: REQUESTED CS
[02:19:09.841665562] P6: REQUESTED CS
[02:19:13.842523958] P6: REQUESTED CS
[02:19:15.843316767] P6: REQUESTED CS
[02:19:19.844029453] P6: REQUESTED CS
[02:19:22.844589757] P6: REQUESTED CS
[02:19:25.845199013] P6: REQUESTED CS
[02:19:30.845814971] P6: REQUESTED CS
[02:19:31.846505844] P6: REQUESTED CS
[02:19:33.847040646] P6: REQUESTED CS
