[02:10:22.499623400] P7: REQUESTED CS
[02:10:23.502792363] P7: REQUESTED CS
[02:10:24.544389478] P7: RECEIVED TOKEN
[02:10:25.507453476] P7: REQUESTED CS
[02:10:25.507612817] P7: ENTERED CS
[02:10:27.505875981] P7: EXITED CS
[02:10:27.507558557] P7: SENT TOKEN
[02:10:30.505278272] P7: REQUESTED CS
[02:11:29.912695072] P7: REQUESTED CS
[02:11:32.917408809] P7: REQUESTED CS
[02:11:37.919907104] P7: REQUESTED CS
[02:11:39.922152906] P7: REQUESTED CS
[02:11:44.924616825] P7: REQUESTED CS
[02:11:47.926812434] P7: REQUESTED CS
[02:11:50.928274301] P7: REQUESTED CS
[02:12:48.718449676] P7: REQUESTED CS
[02:12:53.724339914] P7: REQUESTED CS
[02:12:55.727696096] P7: REQUESTED CS
[02:12:58.730350722] P7: REQUESTED CS
[02:13:00.732823973] P7: REQUESTED CS
[02:15:17.104513899] P7: REQUESTED CS
[02:16:02.929201678] P7: REQUESTED CS
[02:16:05.933331462] P7: REQUESTED CS
[02:16:05.955601468] P7: RECEIVED TOKEN
[02:16:05.955715877] P7: ENTERED CS
[02:16:19.884487154] P7: REQUESTED CS
[02:16:59.310081652] P7: REQUESTED CS
[02:17:00.312180798] P7: REQUESTED CS
[02:17:05.318282786] P7: REQUESTED CS
[02:17:07.343082551] P7: REQUESTED CS
[02:17:08.345064299] P7: REQUESTED CS
[02:17:11.346712747] P7: REQUESTED CS
[02:17:15.349102619] P7: REQUESTED CS
[02:17:19.350555895] P7: REQUESTED CS
[02:17:23.351608554] P7: REQUESTED CS
[02:17:25.353161215] P7: REQUESTED CS
[02:17:26.353054209] P7: REQUESTED CS
[02:17:28.354370650] P7: REQUESTED CS
[02:17:32.346030338] P7: RECEIVED TOKEN
[02:17:33.355650725] P7: REQUESTED CS
[02:17:33.355784671] P7: ENTERED CS
[02:17:34.355825670] P7: EXITED CS
[02:17:34.356625716] P7: SENT TOKEN
[02:17:39.356402993] P7: REQUESTED CS
[02:17:40.357650143] P7: REQUESTED CS
[02:17:44.358895424] P7: REQUESTED CS
[02:17:47.360520436] P7: REQUESTED CS
[02:17:50.361937276] P7: REQUESTED CS
[02:17:55.362990216] P7: REQUESTED CS
[02:17:57.363861933] P7: REQUESTED CS
[02:18:00.364700109] P7: REQUESTED CS
[02:18:04.365418729] P7: REQUESTED CS
[02:18:05.366122652] P7: REQUESTED CS
[02:18:13.816022904] P7: REQUESTED CS
[02:18:14.819018700] P7: REQUESTED CS
[02:18:16.822280456] P7: REQUESTED CS
[02:18:19.825066860] P7: REQUESTED CS
[02:18:23.833697149] P7: REQUESTED CS
[02:18:27.835653188] P7: REQUESTED CS
[02:18:31.836945097] P7: REQUESTED CS
[02:18:33.838552969] P7: REQUESTED CS
[02:18:38.839931816] P7: REQUESTED CS
[02:18:43.840523917] P7: REQUESTED CS
[02:18:47.841393977] P7: REQUESTED CS
[02:18:50.842085556] P7: REQUESTED CS
[02:18:51.843012729] P7: REQUESTED CS
[02:18:53.844331917] P7: REQUESTED CS
[02:18:58.845662308] P7: REQUESTED CS
[02:19:01.846179541] P7: REQUESTED CS
[02:19:05.847342329] P7: REQUESTED CS
[02:19:06.848913390] P7: REQUESTED CS
[02:19:07.850121054] P7: REQUESTED CS
[02:19:08.851718164] P7: REQUESTED CS
[02:19:11.852949245] P7: REQUESTED CS
[02:19:13.853879731] P7: REQUESTED CS
[02:19:17.854561466] P7: REQUESTED CS
[02:19:20.855963085] P7: REQUESTED CS
[02:19:21.857167784] P7: REQUESTED CS
[02:19:24.858692508] P7: REQUESTED CS
[02:19:29.859816295] P7: REQUESTED CS
[02:19:30.860995786] P7: REQUESTED CS
[02:19:32.862192879] P7: REQUESTED CS
[02:19:33.863626276] P7: REQUESTED CS
