[02:10:23.499427328] P8: REQUESTED CS
[02:10:27.502070270] P8: REQUESTED CS
[02:10:29.504017836] P8: REQUESTED CS
[02:10:31.549157193] P8: RECEIVED TOKEN
[02:10:32.511538827] P8: REQUESTED CS
[02:10:32.511779981] P8: ENTERED CS
[02:11:32.913146018] P8: REQUESTED CS
[02:11:34.914970425] P8: REQUESTED CS
[02:11:35.916788265] P8: REQUESTED CS
[02:11:40.918649019] P8: REQUESTED CS
[02:11:41.919877819] P8: REQUESTED CS
[02:11:45.928432752] P8: REQUESTED CS
[02:11:46.930005857] P8: REQUESTED CS
[02:11:49.931502031] P8: REQUESTED CS
[02:11:53.933815596] P8: REQUESTED CS
[02:12:48.717644204] P8: REQUESTED CS
[02:12:53.721858760] P8: REQUESTED CS
[02:12:54.722049268] P8: REQUESTED CS
[02:12:56.724420827] P8: REQUESTED CS
[02:12:58.755032118] P8: RECEIVED TOKEN
[02:13:00.726067339] P8: REQUESTED CS
[02:13:00.726140380] P8: ENTERED CS
[02:15:21.103831168] P8: REQUESTED CS
[02:16:04.929574096] P8: REQUESTED CS
[02:16:21.884521974] P8: REQUESTED CS
[02:16:59.310256862] P8: REQUESTED CS
[02:17:02.313056826] P8: REQUESTED CS
[02:17:06.314902578] P8: REQUESTED CS
[02:17:09.316422978] P8: REQUESTED CS
[02:17:11.318543822] P8: REQUESTED CS
[02:17:14.320771236] P8: REQUESTED CS
[02:17:15.323301978] P8: REQUESTED CS
[02:17:16.324670915] P8: REQUESTED CS
[02:17:18.326706556] P8: REQUESTED CS
[02:17:22.328002386] P8: REQUESTED CS
[02:17:27.329830234] P8: REQUESTED CS
[02:17:31.332790133] P8: REQUESTED CS
[02:17:34.333906624] P8: REQUESTED CS
[02:17:36.335438100] P8: REQUESTED CS
[02:17:40.347666894] P8: RECEIVED TOKEN
[02:17:41.337254393] P8: REQUESTED CS
[02:17:41.337400883] P8: ENTERED CS
[02:17:43.337365355] P8: EXITED CS
[02:17:43.338000850] P8: SENT TOKEN
[02:17:46.337832463] P8: REQUESTED CS
[02:17:48.338901002] P8: REQUESTED CS
[02:17:53.339082737] P8: REQUESTED CS
[02:17:56.339866172] P8: REQUESTED CS
[02:18:01.341177050] P8: REQUESTED CS
[02:18:05.341812829] P8: REQUESTED CS
[02:18:12.816386205] P8: REQUESTED CS
[02:18:14.818849103] P8: REQUESTED CS
[02:18:18.822072462] P8: REQUESTED CS
[02:18:20.824467469] P8: REQUESTED CS
[02:18:23.828693699] P8: RECEIVED TOKEN
[02:18:24.826451773] P8: REQUESTED CS
[02:18:24.826569212] P8: ENTERED CS
[02:18:26.826567124] P8: EXITED CS
[02:18:26.827881050] P8: SENT TOKEN
[02:18:28.827502695] P8: REQUESTED CS
[02:18:32.828890844] P8: REQUESTED CS
[02:18:36.829052431] P8: REQUESTED CS
[02:18:39.829920678] P8: REQUESTED CS
[02:18:40.830312813] P8: REQUESTED CS
[02:18:43.830561220] P8: RECEIVED TOKEN
[02:18:45.831090294] P8: REQUESTED CS
[02:18:45.831213094] P8: ENTERED CS
[02:18:47.831356856] P8: EXITED CS
[02:18:47.831448669] P8: SENT TOKEN
[02:18:48.831549881] P8: REQUESTED CS
[02:18:52.832669771] P8: REQUESTED CS
[02:18:53.834069361] P8: REQUESTED CS
[02:18:57.835109431] P8: REQUESTED CS
[02:18:58.836251846] P8: REQUESTED CS
[02:19:00.837500153] P8: REQUESTED CS
[02:19:02.840725687] P8: RECEIVED TOKEN
[02:19:04.838649197] P8: REQUESTED CS
[02:19:04.838721640] P8: ENTERED CS
[02:19:06.839008] P8: EXITED CS
[02:19:06.839708346] P8: SENT TOKEN
[02:19:08.839599315] P8: REQUESTED CS
[02:19:11.840436866] P8: REQUESTED CS
[02:19:13.843370393] P8: RECEIVED TOKEN
[02:19:14.841429796] P8: REQUESTED CS
[02:19:14.841490880] P8: ENTERED CS
[02:19:16.841622947] P8: EXITED CS
[02:19:16.841868769] P8: SENT TOKEN
[02:19:18.842034262] P8: REQUESTED CS
[02:19:19.842532562] P8: REQUESTED CS
[02:19:20.843072641] P8: REQUESTED CS
[02:19:21.843894605] P8: REQUESTED CS
[02:19:21.845917741] P8: RECEIVED TOKEN
[02:19:25.844744267] P8: REQUESTED CS
[02:19:25.844801001] P8: ENTERED CS
[02:19:26.845095442] P8: EXITED CS
[02:19:26.845679155] P8: SENT TOKEN
[02:19:28.845607192] P8: REQUESTED CS
[02:19:33.846570402] P8: REQUESTED CS
