[02:10:25.500599014] P9: REQUESTED CS
[02:10:27.502558050] P9: REQUESTED CS
[02:10:31.504127592] P9: REQUESTED CS
[02:10:32.505886380] P9: REQUESTED CS
[02:11:28.924737648] P9: REQUESTED CS
[02:11:28.940819633] P9: RECEIVED TOKEN
[02:11:30.939535208] P9: REQUESTED CS
[02:11:30.939958370] P9: ENTERED CS
[02:11:32.940293054] P9: EXITED CS
[02:11:32.942875279] P9: SENT TOKEN
[02:11:35.942419153] P9: REQUESTED CS
[02:11:36.943210304] P9: REQUESTED CS
[02:11:39.918526038] P9: RECEIVED TOKEN
[02:11:40.945222161] P9: REQUESTED CS
[02:11:40.945331203] P9: ENTERED CS
[02:11:41.945824129] P9: EXITED CS
[02:11:41.946431739] P9: SENT TOKEN
[02:11:42.946130928] P9: REQUESTED CS
[02:11:45.947724940] P9: REQUESTED CS
[02:11:46.947079636] P9: RECEIVED TOKEN
[02:11:48.948995032] P9: REQUESTED CS
[02:11:48.949123440] P9: ENTERED CS
[02:11:50.949195204] P9: EXITED CS
[02:11:50.950163112] P9: SENT TOKEN
[02:12:47.738235464] P9: REQUESTED CS
[02:12:49.722588374] P9: RECEIVED TOKEN
[02:12:49.749941899] P9: REQUESTED CS
[02:12:49.750113948] P9: ENTERED CS
[02:12:51.750339689] P9: EXITED CS
[02:12:51.751379691] P9: SENT TOKEN
[02:12:53.751270809] P9: REQUESTED CS
[02:12:53.756853935] P9: RECEIVED TOKEN
[02:12:57.752470320] P9: REQUESTED CS
[02:12:57.752685271] P9: ENTERED CS
[02:12:58.752733588] P9: EXITED CS
[02:12:58.753809668] P9: SENT TOKEN
[02:15:18.104158808] P9: REQUESTED CS
[02:16:04.931438738] P9: REQUESTED CS
[02:16:17.890923476] P9: REQUESTED CS
[02:16:22.911875268] P9: REQUESTED CS
[02:17:00.310617695] P9: REQUESTED CS
[02:17:01.313489646] P9: REQUESTED CS
[02:17:05.338092074] P9: REQUESTED CS
[02:17:09.341856591] P9: REQUESTED CS
[02:17:12.342909088] P9: REQUESTED CS
[02:17:15.343806412] P9: REQUESTED CS
[02:17:20.344900946] P9: REQUESTED CS
[02:17:25.345849953] P9: REQUESTED CS
[02:17:29.346749889] P9: REQUESTED CS
[02:17:30.347538132] P9: REQUESTED CS
[02:17:31.348297806] P9: REQUESTED CS
[02:17:32.349096495] P9: REQUESTED CS
[02:17:37.349965342] P9: REQUESTED CS
[02:17:41.351101654] P9: REQUESTED CS
[02:17:46.351806437] P9: REQUESTED CS
[02:17:50.352355189] P9: REQUESTED CS
[02:17:51.338753323] P9: RECEIVED TOKEN
[02:17:53.352975646] P9: REQUESTED CS
[02:17:53.353098634] P9: ENTERED CS
[02:17:55.353551394] P9: EXITED CS
[02:17:55.354082554] P9: SENT TOKEN
[02:17:57.354035878] P9: REQUESTED CS
[02:18:00.354871424] P9: REQUESTED CS
[02:18:04.355605233] P9: REQUESTED CS
[02:18:12.816821853] P9: REQUESTED CS
[02:18:13.824399645] P9: REQUESTED CS
[02:18:14.825647349] P9: REQUESTED CS
[02:18:18.826400866] P9: REQUESTED CS
[02:18:23.827571241] P9: REQUESTED CS
[02:18:28.828654388] P9: REQUESTED CS
[02:18:29.830227619] P9: REQUESTED CS
[02:18:29.853088723] P9: RECEIVED TOKEN
[02:18:30.831726260] P9: REQUESTED CS
[02:18:30.831891204] P9: ENTERED CS
[02:18:32.831954451] P9: EXITED CS
[02:18:32.832723531] P9: SENT TOKEN
[02:18:36.832406147] P9: REQUESTED CS
[02:18:38.833548942] P9: REQUESTED CS
[02:18:42.834974935] P9: REQUESTED CS
[02:18:43.836353699] P9: REQUESTED CS
[02:18:47.837617160] P9: REQUESTED CS
[02:18:50.832547697] P9: RECEIVED TOKEN
[02:18:51.838876920] P9: REQUESTED CS
[02:18:51.839053306] P9: ENTERED CS
[02:18:53.839056876] P9: EXITED CS
[02:18:53.840611411] P9: SENT TOKEN
[02:18:58.839897737] P9: REQUESTED CS
[02:18:59.840591465] P9: REQUESTED CS
[02:19:03.841659359] P9: REQUESTED CS
[02:19:08.841813133] P9: RECEIVED TOKEN
[02:19:08.842712946] P9: REQUESTED CS
[02:19:08.842774628] P9: ENTERED CS
[02:19:09.842930742] P9: EXITED CS
[02:19:09.843177171] P9: SENT TOKEN
[02:19:11.843083528] P9: REQUESTED CS
[02:19:14.844262471] P9: REQUESTED CS
[02:19:16.842116855] P9: RECEIVED TOKEN
[02:19:19.845211123] P9: REQUESTED CS
[02:19:19.845248155] P9: ENTERED CS
[02:19:21.845380335] P9: EXITED CS
[02:19:21.845684531] P9: SENT TOKEN
[02:19:22.845784535] P9: REQUESTED CS
[02:19:26.846832033] P9: REQUESTED CS
[02:19:27.848000844] P9: REQUESTED CS
[02:19:27.849231624] P9: RECEIVED TOKEN
[02:19:32.849250004] P9: REQUESTED CS
[02:19:32.849383162] P9: ENTERED CS
[02:19:33.849320964] P9: EXITED CS
[02:19:33.849990368] P9: SENT TOKEN
